#
# There is insufficient memory for the Java Runtime Environment to continue.
# Native memory allocation (mmap) failed to map 65536 bytes for Failed to commit metaspace.
# Possible reasons:
#   The system is out of physical RAM or swap space
#   The process is running with CompressedOops enabled, and the Java Heap may be blocking the growth of the native heap
# Possible solutions:
#   Reduce memory load on the system
#   Increase physical memory or swap space
#   Check if swap backing store is full
#   Decrease Java heap size (-Xmx/-Xms)
#   Decrease number of Java threads
#   Decrease Java thread stack sizes (-Xss)
#   Set larger code cache with -XX:ReservedCodeCacheSize=
#   JVM is running with Unscaled Compressed Oops mode in which the Java heap is
#     placed in the first 4GB address space. The Java Heap base address is the
#     maximum limit for the native heap growth. Please use -XX:HeapBaseMinAddress
#     to set the Java Heap base and to place the Java Heap above 4GB virtual address.
# This output file may be truncated or incomplete.
#
#  Out of Memory Error (virtualSpaceNode.cpp:110), pid=19368, tid=20276
#
# JRE version: Java(TM) SE Runtime Environment (17.0.8+9) (build 17.0.8+9-LTS-211)
# Java VM: Java HotSpot(TM) 64-Bit Server VM (17.0.8+9-LTS-211, mixed mode, emulated-client, sharing, tiered, compressed oops, compressed class ptrs, g1 gc, windows-amd64)
# No core dump will be written. Minidumps are not enabled by default on client versions of Windows
#

---------------  S U M M A R Y ------------

Command Line: -XX:TieredStopAtLevel=1 -Dspring.output.ansi.enabled=always -Dcom.sun.management.jmxremote -Dspring.jmx.enabled=true -Dspring.liveBeansView.mbeanDomain -Dspring.application.admin.enabled=true -Dmanagement.endpoints.jmx.exposure.include=* -javaagent:C:\Program Files\JetBrains\IntelliJ IDEA 2024.1.1\lib\idea_rt.jar=63746:C:\Program Files\JetBrains\IntelliJ IDEA 2024.1.1\bin -Dfile.encoding=UTF-8 com.example.bee_shirt.BeeShirtApplication

Host: AMD Ryzen 5 3450U with Radeon Vega Mobile Gfx  , 8 cores, 5G,  Windows 11 , 64 bit Build 22621 (10.0.22621.3958)
Time: Fri Nov  8 21:01:38 2024 SE Asia Standard Time elapsed time: 11.447770 seconds (0d 0h 0m 11s)

---------------  T H R E A D  ---------------

Current thread (0x000002ae3bd2fa30):  JavaThread "main" [_thread_in_vm, id=20276, stack(0x000000c3e8000000,0x000000c3e8100000)]

Stack: [0x000000c3e8000000,0x000000c3e8100000]
Native frames: (J=compiled Java code, j=interpreted, Vv=VM code, C=native code)
V  [jvm.dll+0x677d0a]
V  [jvm.dll+0x7d8c54]
V  [jvm.dll+0x7da3fe]
V  [jvm.dll+0x7daa63]
V  [jvm.dll+0x245c5f]
V  [jvm.dll+0x7d4d5b]
V  [jvm.dll+0x61dcf6]
V  [jvm.dll+0x1c0127]
V  [jvm.dll+0x620650]
V  [jvm.dll+0x61e6b6]
V  [jvm.dll+0x628487]
V  [jvm.dll+0x1e9bdd]
V  [jvm.dll+0x1ea1a5]
V  [jvm.dll+0x1eaaeb]
V  [jvm.dll+0x1e02f1]
V  [jvm.dll+0x53ddbc]
V  [jvm.dll+0x753768]
V  [jvm.dll+0x753854]
V  [jvm.dll+0x40ba4f]
V  [jvm.dll+0x411a69]
C  [java.dll+0x17ec]

Java frames: (J=compiled Java code, j=interpreted, Vv=VM code)
J 1218  java.lang.ClassLoader.defineClass1(Ljava/lang/ClassLoader;Ljava/lang/String;[BIILjava/security/ProtectionDomain;Ljava/lang/String;)Ljava/lang/Class; java.base@17.0.8 (0 bytes) @ 0x000002ae43912963 [0x000002ae439128a0+0x00000000000000c3]
J 1354 c1 java.lang.ClassLoader.defineClass(Ljava/lang/String;[BIILjava/security/ProtectionDomain;)Ljava/lang/Class; java.base@17.0.8 (43 bytes) @ 0x000002ae43948f5c [0x000002ae43948e60+0x00000000000000fc]
J 1255 c1 jdk.internal.loader.BuiltinClassLoader.defineClass(Ljava/lang/String;Ljdk/internal/loader/Resource;)Ljava/lang/Class; java.base@17.0.8 (121 bytes) @ 0x000002ae43924664 [0x000002ae439241a0+0x00000000000004c4]
J 1241 c1 jdk.internal.loader.BuiltinClassLoader.findClassOnClassPathOrNull(Ljava/lang/String;)Ljava/lang/Class; java.base@17.0.8 (64 bytes) @ 0x000002ae4391f434 [0x000002ae4391f180+0x00000000000002b4]
J 934 c1 jdk.internal.loader.BuiltinClassLoader.loadClassOrNull(Ljava/lang/String;Z)Ljava/lang/Class; java.base@17.0.8 (143 bytes) @ 0x000002ae4389bfdc [0x000002ae4389bb80+0x000000000000045c]
J 1098 c1 jdk.internal.loader.ClassLoaders$AppClassLoader.loadClass(Ljava/lang/String;Z)Ljava/lang/Class; java.base@17.0.8 (40 bytes) @ 0x000002ae438e9a24 [0x000002ae438e98e0+0x0000000000000144]
J 1073 c1 java.lang.ClassLoader.loadClass(Ljava/lang/String;)Ljava/lang/Class; java.base@17.0.8 (7 bytes) @ 0x000002ae438df6e4 [0x000002ae438df6a0+0x0000000000000044]
v  ~StubRoutines::call_stub
J 1218  java.lang.ClassLoader.defineClass1(Ljava/lang/ClassLoader;Ljava/lang/String;[BIILjava/security/ProtectionDomain;Ljava/lang/String;)Ljava/lang/Class; java.base@17.0.8 (0 bytes) @ 0x000002ae43912963 [0x000002ae439128a0+0x00000000000000c3]
J 1354 c1 java.lang.ClassLoader.defineClass(Ljava/lang/String;[BIILjava/security/ProtectionDomain;)Ljava/lang/Class; java.base@17.0.8 (43 bytes) @ 0x000002ae43948f5c [0x000002ae43948e60+0x00000000000000fc]
J 1255 c1 jdk.internal.loader.BuiltinClassLoader.defineClass(Ljava/lang/String;Ljdk/internal/loader/Resource;)Ljava/lang/Class; java.base@17.0.8 (121 bytes) @ 0x000002ae43924664 [0x000002ae439241a0+0x00000000000004c4]
J 1241 c1 jdk.internal.loader.BuiltinClassLoader.findClassOnClassPathOrNull(Ljava/lang/String;)Ljava/lang/Class; java.base@17.0.8 (64 bytes) @ 0x000002ae4391f434 [0x000002ae4391f180+0x00000000000002b4]
J 934 c1 jdk.internal.loader.BuiltinClassLoader.loadClassOrNull(Ljava/lang/String;Z)Ljava/lang/Class; java.base@17.0.8 (143 bytes) @ 0x000002ae4389bfdc [0x000002ae4389bb80+0x000000000000045c]
J 1098 c1 jdk.internal.loader.ClassLoaders$AppClassLoader.loadClass(Ljava/lang/String;Z)Ljava/lang/Class; java.base@17.0.8 (40 bytes) @ 0x000002ae438e9a24 [0x000002ae438e98e0+0x0000000000000144]
J 1073 c1 java.lang.ClassLoader.loadClass(Ljava/lang/String;)Ljava/lang/Class; java.base@17.0.8 (7 bytes) @ 0x000002ae438df6e4 [0x000002ae438df6a0+0x0000000000000044]
v  ~StubRoutines::call_stub
J 1218  java.lang.ClassLoader.defineClass1(Ljava/lang/ClassLoader;Ljava/lang/String;[BIILjava/security/ProtectionDomain;Ljava/lang/String;)Ljava/lang/Class; java.base@17.0.8 (0 bytes) @ 0x000002ae43912963 [0x000002ae439128a0+0x00000000000000c3]
J 1354 c1 java.lang.ClassLoader.defineClass(Ljava/lang/String;[BIILjava/security/ProtectionDomain;)Ljava/lang/Class; java.base@17.0.8 (43 bytes) @ 0x000002ae43948f5c [0x000002ae43948e60+0x00000000000000fc]
J 1255 c1 jdk.internal.loader.BuiltinClassLoader.defineClass(Ljava/lang/String;Ljdk/internal/loader/Resource;)Ljava/lang/Class; java.base@17.0.8 (121 bytes) @ 0x000002ae43924664 [0x000002ae439241a0+0x00000000000004c4]
J 1241 c1 jdk.internal.loader.BuiltinClassLoader.findClassOnClassPathOrNull(Ljava/lang/String;)Ljava/lang/Class; java.base@17.0.8 (64 bytes) @ 0x000002ae4391f434 [0x000002ae4391f180+0x00000000000002b4]
J 934 c1 jdk.internal.loader.BuiltinClassLoader.loadClassOrNull(Ljava/lang/String;Z)Ljava/lang/Class; java.base@17.0.8 (143 bytes) @ 0x000002ae4389bfdc [0x000002ae4389bb80+0x000000000000045c]
J 1098 c1 jdk.internal.loader.ClassLoaders$AppClassLoader.loadClass(Ljava/lang/String;Z)Ljava/lang/Class; java.base@17.0.8 (40 bytes) @ 0x000002ae438e9a24 [0x000002ae438e98e0+0x0000000000000144]
J 1073 c1 java.lang.ClassLoader.loadClass(Ljava/lang/String;)Ljava/lang/Class; java.base@17.0.8 (7 bytes) @ 0x000002ae438df6e4 [0x000002ae438df6a0+0x0000000000000044]
v  ~StubRoutines::call_stub
J 1218  java.lang.ClassLoader.defineClass1(Ljava/lang/ClassLoader;Ljava/lang/String;[BIILjava/security/ProtectionDomain;Ljava/lang/String;)Ljava/lang/Class; java.base@17.0.8 (0 bytes) @ 0x000002ae43912963 [0x000002ae439128a0+0x00000000000000c3]
J 1354 c1 java.lang.ClassLoader.defineClass(Ljava/lang/String;[BIILjava/security/ProtectionDomain;)Ljava/lang/Class; java.base@17.0.8 (43 bytes) @ 0x000002ae43948f5c [0x000002ae43948e60+0x00000000000000fc]
J 1255 c1 jdk.internal.loader.BuiltinClassLoader.defineClass(Ljava/lang/String;Ljdk/internal/loader/Resource;)Ljava/lang/Class; java.base@17.0.8 (121 bytes) @ 0x000002ae43924664 [0x000002ae439241a0+0x00000000000004c4]
J 1241 c1 jdk.internal.loader.BuiltinClassLoader.findClassOnClassPathOrNull(Ljava/lang/String;)Ljava/lang/Class; java.base@17.0.8 (64 bytes) @ 0x000002ae4391f434 [0x000002ae4391f180+0x00000000000002b4]
J 934 c1 jdk.internal.loader.BuiltinClassLoader.loadClassOrNull(Ljava/lang/String;Z)Ljava/lang/Class; java.base@17.0.8 (143 bytes) @ 0x000002ae4389bfdc [0x000002ae4389bb80+0x000000000000045c]
J 1098 c1 jdk.internal.loader.ClassLoaders$AppClassLoader.loadClass(Ljava/lang/String;Z)Ljava/lang/Class; java.base@17.0.8 (40 bytes) @ 0x000002ae438e9a24 [0x000002ae438e98e0+0x0000000000000144]
J 1073 c1 java.lang.ClassLoader.loadClass(Ljava/lang/String;)Ljava/lang/Class; java.base@17.0.8 (7 bytes) @ 0x000002ae438df6e4 [0x000002ae438df6a0+0x0000000000000044]
v  ~StubRoutines::call_stub
J 1218  java.lang.ClassLoader.defineClass1(Ljava/lang/ClassLoader;Ljava/lang/String;[BIILjava/security/ProtectionDomain;Ljava/lang/String;)Ljava/lang/Class; java.base@17.0.8 (0 bytes) @ 0x000002ae43912963 [0x000002ae439128a0+0x00000000000000c3]
J 1354 c1 java.lang.ClassLoader.defineClass(Ljava/lang/String;[BIILjava/security/ProtectionDomain;)Ljava/lang/Class; java.base@17.0.8 (43 bytes) @ 0x000002ae43948f5c [0x000002ae43948e60+0x00000000000000fc]
J 1255 c1 jdk.internal.loader.BuiltinClassLoader.defineClass(Ljava/lang/String;Ljdk/internal/loader/Resource;)Ljava/lang/Class; java.base@17.0.8 (121 bytes) @ 0x000002ae43924664 [0x000002ae439241a0+0x00000000000004c4]
J 1241 c1 jdk.internal.loader.BuiltinClassLoader.findClassOnClassPathOrNull(Ljava/lang/String;)Ljava/lang/Class; java.base@17.0.8 (64 bytes) @ 0x000002ae4391f434 [0x000002ae4391f180+0x00000000000002b4]
J 934 c1 jdk.internal.loader.BuiltinClassLoader.loadClassOrNull(Ljava/lang/String;Z)Ljava/lang/Class; java.base@17.0.8 (143 bytes) @ 0x000002ae4389bfdc [0x000002ae4389bb80+0x000000000000045c]
J 1098 c1 jdk.internal.loader.ClassLoaders$AppClassLoader.loadClass(Ljava/lang/String;Z)Ljava/lang/Class; java.base@17.0.8 (40 bytes) @ 0x000002ae438e9a24 [0x000002ae438e98e0+0x0000000000000144]
J 1073 c1 java.lang.ClassLoader.loadClass(Ljava/lang/String;)Ljava/lang/Class; java.base@17.0.8 (7 bytes) @ 0x000002ae438df6e4 [0x000002ae438df6a0+0x0000000000000044]
v  ~StubRoutines::call_stub
J 2830  java.lang.Class.getDeclaredMethods0(Z)[Ljava/lang/reflect/Method; java.base@17.0.8 (0 bytes) @ 0x000002ae43ccd163 [0x000002ae43ccd120+0x0000000000000043]
J 1192 c1 java.lang.Class.privateGetDeclaredMethods(Z)[Ljava/lang/reflect/Method; java.base@17.0.8 (64 bytes) @ 0x000002ae43909c9c [0x000002ae43909c00+0x000000000000009c]
J 3592 c1 org.springframework.util.ReflectionUtils.getDeclaredMethods(Ljava/lang/Class;Z)[Ljava/lang/reflect/Method; (183 bytes) @ 0x000002ae43dfffd4 [0x000002ae43dffee0+0x00000000000000f4]
J 3765 c1 org.springframework.util.ReflectionUtils.doWithLocalMethods(Ljava/lang/Class;Lorg/springframework/util/ReflectionUtils$MethodCallback;)V (68 bytes) @ 0x000002ae43e4af7c [0x000002ae43e4af60+0x000000000000001c]
j  org.springframework.orm.jpa.support.PersistenceAnnotationBeanPostProcessor.buildPersistenceMetadata(Ljava/lang/Class;)Lorg/springframework/beans/factory/annotation/InjectionMetadata;+69
J 6408 c1 org.springframework.orm.jpa.support.PersistenceAnnotationBeanPostProcessor.findPersistenceMetadata(Ljava/lang/String;Ljava/lang/Class;Lorg/springframework/beans/PropertyValues;)Lorg/springframework/beans/factory/annotation/InjectionMetadata; (124 bytes) @ 0x000002ae4423e164 [0x000002ae4423dea0+0x00000000000002c4]
j  org.springframework.orm.jpa.support.PersistenceAnnotationBeanPostProcessor.findInjectionMetadata(Lorg/springframework/beans/factory/support/RootBeanDefinition;Ljava/lang/Class;Ljava/lang/String;)Lorg/springframework/beans/factory/annotation/InjectionMetadata;+4
j  org.springframework.orm.jpa.support.PersistenceAnnotationBeanPostProcessor.postProcessMergedBeanDefinition(Lorg/springframework/beans/factory/support/RootBeanDefinition;Ljava/lang/Class;Ljava/lang/String;)V+4
j  org.springframework.beans.factory.support.AbstractAutowireCapableBeanFactory.applyMergedBeanDefinitionPostProcessors(Lorg/springframework/beans/factory/support/RootBeanDefinition;Ljava/lang/Class;Ljava/lang/String;)V+41
j  org.springframework.beans.factory.support.AbstractAutowireCapableBeanFactory.doCreateBean(Ljava/lang/String;Lorg/springframework/beans/factory/support/RootBeanDefinition;[Ljava/lang/Object;)Ljava/lang/Object;+91
j  org.springframework.beans.factory.support.AbstractAutowireCapableBeanFactory.createBean(Ljava/lang/String;Lorg/springframework/beans/factory/support/RootBeanDefinition;[Ljava/lang/Object;)Ljava/lang/Object;+153
j  org.springframework.beans.factory.support.AbstractBeanFactory.lambda$doGetBean$0(Ljava/lang/String;Lorg/springframework/beans/factory/support/RootBeanDefinition;[Ljava/lang/Object;)Ljava/lang/Object;+4
j  org.springframework.beans.factory.support.AbstractBeanFactory$$Lambda$335+0x000002ae4e210220.getObject()Ljava/lang/Object;+16
j  org.springframework.beans.factory.support.DefaultSingletonBeanRegistry.getSingleton(Ljava/lang/String;Lorg/springframework/beans/factory/ObjectFactory;)Ljava/lang/Object;+114
J 2782 c1 org.springframework.beans.factory.support.AbstractBeanFactory.doGetBean(Ljava/lang/String;Ljava/lang/Class;[Ljava/lang/Object;Z)Ljava/lang/Object; (787 bytes) @ 0x000002ae43cba444 [0x000002ae43cb9e80+0x00000000000005c4]
j  org.springframework.beans.factory.support.AbstractBeanFactory.getBean(Ljava/lang/String;)Ljava/lang/Object;+5
j  org.springframework.beans.factory.support.DefaultListableBeanFactory.getBeansOfType(Ljava/lang/Class;ZZ)Ljava/util/Map;+46
j  org.springframework.context.support.AbstractApplicationContext.getBeansOfType(Ljava/lang/Class;ZZ)Ljava/util/Map;+11
j  org.springframework.beans.factory.BeanFactoryUtils.beansOfTypeIncludingAncestors(Lorg/springframework/beans/factory/ListableBeanFactory;Ljava/lang/Class;ZZ)Ljava/util/Map;+22
j  org.springframework.web.servlet.handler.HandlerMappingIntrospector.initHandlerMappings(Lorg/springframework/context/ApplicationContext;)Ljava/util/List;+5
j  org.springframework.web.servlet.handler.HandlerMappingIntrospector.afterPropertiesSet()V+21
j  org.springframework.beans.factory.support.AbstractAutowireCapableBeanFactory.invokeInitMethods(Ljava/lang/String;Ljava/lang/Object;Lorg/springframework/beans/factory/support/RootBeanDefinition;)V+56
j  org.springframework.beans.factory.support.AbstractAutowireCapableBeanFactory.initializeBean(Ljava/lang/String;Ljava/lang/Object;Lorg/springframework/beans/factory/support/RootBeanDefinition;)Ljava/lang/Object;+34
j  org.springframework.beans.factory.support.AbstractAutowireCapableBeanFactory.doCreateBean(Ljava/lang/String;Lorg/springframework/beans/factory/support/RootBeanDefinition;[Ljava/lang/Object;)Ljava/lang/Object;+228
j  org.springframework.beans.factory.support.AbstractAutowireCapableBeanFactory.createBean(Ljava/lang/String;Lorg/springframework/beans/factory/support/RootBeanDefinition;[Ljava/lang/Object;)Ljava/lang/Object;+153
j  org.springframework.beans.factory.support.AbstractBeanFactory.lambda$doGetBean$0(Ljava/lang/String;Lorg/springframework/beans/factory/support/RootBeanDefinition;[Ljava/lang/Object;)Ljava/lang/Object;+4
j  org.springframework.beans.factory.support.AbstractBeanFactory$$Lambda$335+0x000002ae4e210220.getObject()Ljava/lang/Object;+16
j  org.springframework.beans.factory.support.DefaultSingletonBeanRegistry.getSingleton(Ljava/lang/String;Lorg/springframework/beans/factory/ObjectFactory;)Ljava/lang/Object;+114
J 2782 c1 org.springframework.beans.factory.support.AbstractBeanFactory.doGetBean(Ljava/lang/String;Ljava/lang/Class;[Ljava/lang/Object;Z)Ljava/lang/Object; (787 bytes) @ 0x000002ae43cba444 [0x000002ae43cb9e80+0x00000000000005c4]
j  org.springframework.beans.factory.support.AbstractBeanFactory.getBean(Ljava/lang/String;)Ljava/lang/Object;+5
j  org.springframework.beans.factory.support.BeanDefinitionValueResolver.resolveReference(Ljava/lang/Object;Lorg/springframework/beans/factory/config/RuntimeBeanReference;)Ljava/lang/Object;+145
j  org.springframework.beans.factory.support.BeanDefinitionValueResolver.resolveValueIfNecessary(Ljava/lang/Object;Ljava/lang/Object;)Ljava/lang/Object;+15
j  org.springframework.beans.factory.support.ConstructorResolver.resolveConstructorArguments(Ljava/lang/String;Lorg/springframework/beans/factory/support/RootBeanDefinition;Lorg/springframework/beans/BeanWrapper;Lorg/springframework/beans/factory/config/ConstructorArgumentValues;Lorg/springframework/beans/factory/config/ConstructorArgumentValues;)I+182
j  org.springframework.beans.factory.support.ConstructorResolver.autowireConstructor(Ljava/lang/String;Lorg/springframework/beans/factory/support/RootBeanDefinition;[Ljava/lang/reflect/Constructor;[Ljava/lang/Object;)Lorg/springframework/beans/BeanWrapper;+353
j  org.springframework.beans.factory.support.AbstractAutowireCapableBeanFactory.autowireConstructor(Ljava/lang/String;Lorg/springframework/beans/factory/support/RootBeanDefinition;[Ljava/lang/reflect/Constructor;[Ljava/lang/Object;)Lorg/springframework/beans/BeanWrapper;+13
j  org.springframework.beans.factory.support.AbstractAutowireCapableBeanFactory.createBeanInstance(Ljava/lang/String;Lorg/springframework/beans/factory/support/RootBeanDefinition;[Ljava/lang/Object;)Lorg/springframework/beans/BeanWrapper;+213
j  org.springframework.beans.factory.support.AbstractAutowireCapableBeanFactory.doCreateBean(Ljava/lang/String;Lorg/springframework/beans/factory/support/RootBeanDefinition;[Ljava/lang/Object;)Ljava/lang/Object;+34
j  org.springframework.beans.factory.support.AbstractAutowireCapableBeanFactory.createBean(Ljava/lang/String;Lorg/springframework/beans/factory/support/RootBeanDefinition;[Ljava/lang/Object;)Ljava/lang/Object;+153
j  org.springframework.beans.factory.support.AbstractBeanFactory.lambda$doGetBean$0(Ljava/lang/String;Lorg/springframework/beans/factory/support/RootBeanDefinition;[Ljava/lang/Object;)Ljava/lang/Object;+4
j  org.springframework.beans.factory.support.AbstractBeanFactory$$Lambda$335+0x000002ae4e210220.getObject()Ljava/lang/Object;+16
j  org.springframework.beans.factory.support.DefaultSingletonBeanRegistry.getSingleton(Ljava/lang/String;Lorg/springframework/beans/factory/ObjectFactory;)Ljava/lang/Object;+114
J 2782 c1 org.springframework.beans.factory.support.AbstractBeanFactory.doGetBean(Ljava/lang/String;Ljava/lang/Class;[Ljava/lang/Object;Z)Ljava/lang/Object; (787 bytes) @ 0x000002ae43cba444 [0x000002ae43cb9e80+0x00000000000005c4]
j  org.springframework.beans.factory.support.AbstractBeanFactory.getBean(Ljava/lang/String;Ljava/lang/Class;[Ljava/lang/Object;)Ljava/lang/Object;+5
j  org.springframework.beans.factory.support.DefaultListableBeanFactory.resolveNamedBean(Ljava/lang/String;Lorg/springframework/core/ResolvableType;[Ljava/lang/Object;)Lorg/springframework/beans/factory/config/NamedBeanHolder;+4
j  org.springframework.beans.factory.support.DefaultListableBeanFactory.resolveNamedBean(Lorg/springframework/core/ResolvableType;[Ljava/lang/Object;Z)Lorg/springframework/beans/factory/config/NamedBeanHolder;+128
j  org.springframework.beans.factory.support.DefaultListableBeanFactory.resolveBean(Lorg/springframework/core/ResolvableType;[Ljava/lang/Object;Z)Ljava/lang/Object;+4
j  org.springframework.beans.factory.support.DefaultListableBeanFactory$1.getIfUnique()Ljava/lang/Object;+10
j  org.springframework.security.config.annotation.web.builders.WebSecurity.setApplicationContext(Lorg/springframework/context/ApplicationContext;)V+137
j  org.springframework.context.support.ApplicationContextAwareProcessor.invokeAwareInterfaces(Ljava/lang/Object;)V+159
j  org.springframework.context.support.ApplicationContextAwareProcessor.postProcessBeforeInitialization(Ljava/lang/Object;Ljava/lang/String;)Ljava/lang/Object;+9
j  org.springframework.beans.factory.support.AbstractAutowireCapableBeanFactory.applyBeanPostProcessorsBeforeInitialization(Ljava/lang/Object;Ljava/lang/String;)Ljava/lang/Object;+39
j  org.springframework.beans.factory.support.AbstractAutowireCapableBeanFactory.initializeBean(Ljava/lang/String;Ljava/lang/Object;Lorg/springframework/beans/factory/support/RootBeanDefinition;)Ljava/lang/Object;+24
j  org.springframework.beans.factory.support.AbstractAutowireCapableBeanFactory.initializeBean(Ljava/lang/Object;Ljava/lang/String;)Ljava/lang/Object;+4
j  org.springframework.security.config.annotation.configuration.AutowireBeanFactoryObjectPostProcessor.initializeBeanIfNeeded(Ljava/lang/Object;)Ljava/lang/Object;+22
j  org.springframework.security.config.annotation.configuration.AutowireBeanFactoryObjectPostProcessor.postProcess(Ljava/lang/Object;)Ljava/lang/Object;+10
j  org.springframework.security.config.annotation.web.configuration.WebSecurityConfiguration.setFilterChainProxySecurityConfigurer(Lorg/springframework/security/config/annotation/ObjectPostProcessor;Lorg/springframework/beans/factory/config/ConfigurableListableBeanFactory;)V+10
v  ~StubRoutines::call_stub
J 4173  jdk.internal.reflect.NativeMethodAccessorImpl.invoke0(Ljava/lang/reflect/Method;Ljava/lang/Object;[Ljava/lang/Object;)Ljava/lang/Object; java.base@17.0.8 (0 bytes) @ 0x000002ae43ee74a7 [0x000002ae43ee7420+0x0000000000000087]
J 4172 c1 jdk.internal.reflect.NativeMethodAccessorImpl.invoke(Ljava/lang/Object;[Ljava/lang/Object;)Ljava/lang/Object; java.base@17.0.8 (137 bytes) @ 0x000002ae43ee7c94 [0x000002ae43ee7980+0x0000000000000314]
J 3920 c1 jdk.internal.reflect.DelegatingMethodAccessorImpl.invoke(Ljava/lang/Object;[Ljava/lang/Object;)Ljava/lang/Object; java.base@17.0.8 (10 bytes) @ 0x000002ae43e82a64 [0x000002ae43e82a20+0x0000000000000044]
J 4008 c1 java.lang.reflect.Method.invoke(Ljava/lang/Object;[Ljava/lang/Object;)Ljava/lang/Object; java.base@17.0.8 (65 bytes) @ 0x000002ae43ea5a64 [0x000002ae43ea5960+0x0000000000000104]
j  org.springframework.beans.factory.annotation.AutowiredAnnotationBeanPostProcessor$AutowiredMethodElement.inject(Ljava/lang/Object;Ljava/lang/String;Lorg/springframework/beans/PropertyValues;)V+100
J 6207 c1 org.springframework.beans.factory.annotation.InjectionMetadata.inject(Ljava/lang/Object;Ljava/lang/String;Lorg/springframework/beans/PropertyValues;)V (75 bytes) @ 0x000002ae441e0de4 [0x000002ae441e0ce0+0x0000000000000104]
j  org.springframework.beans.factory.annotation.AutowiredAnnotationBeanPostProcessor.postProcessProperties(Lorg/springframework/beans/PropertyValues;Ljava/lang/Object;Ljava/lang/String;)Lorg/springframework/beans/PropertyValues;+17
j  org.springframework.beans.factory.support.AbstractAutowireCapableBeanFactory.populateBean(Ljava/lang/String;Lorg/springframework/beans/factory/support/RootBeanDefinition;Lorg/springframework/beans/BeanWrapper;)V+280
j  org.springframework.beans.factory.support.AbstractAutowireCapableBeanFactory.doCreateBean(Ljava/lang/String;Lorg/springframework/beans/factory/support/RootBeanDefinition;[Ljava/lang/Object;)Ljava/lang/Object;+220
j  org.springframework.beans.factory.support.AbstractAutowireCapableBeanFactory.createBean(Ljava/lang/String;Lorg/springframework/beans/factory/support/RootBeanDefinition;[Ljava/lang/Object;)Ljava/lang/Object;+153
j  org.springframework.beans.factory.support.AbstractBeanFactory.lambda$doGetBean$0(Ljava/lang/String;Lorg/springframework/beans/factory/support/RootBeanDefinition;[Ljava/lang/Object;)Ljava/lang/Object;+4
j  org.springframework.beans.factory.support.AbstractBeanFactory$$Lambda$335+0x000002ae4e210220.getObject()Ljava/lang/Object;+16
j  org.springframework.beans.factory.support.DefaultSingletonBeanRegistry.getSingleton(Ljava/lang/String;Lorg/springframework/beans/factory/ObjectFactory;)Ljava/lang/Object;+114
J 2782 c1 org.springframework.beans.factory.support.AbstractBeanFactory.doGetBean(Ljava/lang/String;Ljava/lang/Class;[Ljava/lang/Object;Z)Ljava/lang/Object; (787 bytes) @ 0x000002ae43cba444 [0x000002ae43cb9e80+0x00000000000005c4]
j  org.springframework.beans.factory.support.AbstractBeanFactory.getBean(Ljava/lang/String;)Ljava/lang/Object;+5
j  org.springframework.beans.factory.support.DefaultListableBeanFactory.preInstantiateSingletons()V+152
j  org.springframework.context.support.AbstractApplicationContext.finishBeanFactoryInitialization(Lorg/springframework/beans/factory/config/ConfigurableListableBeanFactory;)V+135
j  org.springframework.context.support.AbstractApplicationContext.refresh()V+94
j  org.springframework.boot.web.servlet.context.ServletWebServerApplicationContext.refresh()V+1
j  org.springframework.boot.SpringApplication.refresh(Lorg/springframework/context/ConfigurableApplicationContext;)V+1
j  org.springframework.boot.SpringApplication.refreshContext(Lorg/springframework/context/ConfigurableApplicationContext;)V+16
j  org.springframework.boot.SpringApplication.run([Ljava/lang/String;)Lorg/springframework/context/ConfigurableApplicationContext;+110
j  org.springframework.boot.SpringApplication.run([Ljava/lang/Class;[Ljava/lang/String;)Lorg/springframework/context/ConfigurableApplicationContext;+9
j  org.springframework.boot.SpringApplication.run(Ljava/lang/Class;[Ljava/lang/String;)Lorg/springframework/context/ConfigurableApplicationContext;+9
j  com.example.bee_shirt.BeeShirtApplication.main([Ljava/lang/String;)V+3
v  ~StubRoutines::call_stub

---------------  P R O C E S S  ---------------

Threads class SMR info:
_java_thread_list=0x000002ae941417a0, length=24, elements={
0x000002ae3bd2fa30, 0x000002ae4c8cef10, 0x000002ae4c8cfb80, 0x000002ae4c8df2a0,
0x000002ae4c8e2b90, 0x000002ae4c8e3450, 0x000002ae4c8e3d10, 0x000002ae4c8e7f90,
0x000002ae4c8f0ca0, 0x000002ae4c8b8ac0, 0x000002ae4c96d590, 0x000002ae92071c30,
0x000002ae4ce6d080, 0x000002ae921f3400, 0x000002ae924d57d0, 0x000002ae9250fd60,
0x000002ae92e7b500, 0x000002ae92eaace0, 0x000002ae935cd320, 0x000002ae93685050,
0x000002ae935cd7f0, 0x000002ae939ad840, 0x000002ae4ca87030, 0x000002ae92228060
}

Java Threads: ( => current thread )
=>0x000002ae3bd2fa30 JavaThread "main" [_thread_in_vm, id=20276, stack(0x000000c3e8000000,0x000000c3e8100000)]
  0x000002ae4c8cef10 JavaThread "Reference Handler" daemon [_thread_blocked, id=24312, stack(0x000000c3e8700000,0x000000c3e8800000)]
  0x000002ae4c8cfb80 JavaThread "Finalizer" daemon [_thread_blocked, id=23264, stack(0x000000c3e8800000,0x000000c3e8900000)]
  0x000002ae4c8df2a0 JavaThread "Signal Dispatcher" daemon [_thread_blocked, id=40404, stack(0x000000c3e8900000,0x000000c3e8a00000)]
  0x000002ae4c8e2b90 JavaThread "Attach Listener" daemon [_thread_blocked, id=47060, stack(0x000000c3e8a00000,0x000000c3e8b00000)]
  0x000002ae4c8e3450 JavaThread "Service Thread" daemon [_thread_blocked, id=8956, stack(0x000000c3e8b00000,0x000000c3e8c00000)]
  0x000002ae4c8e3d10 JavaThread "Monitor Deflation Thread" daemon [_thread_blocked, id=37116, stack(0x000000c3e8c00000,0x000000c3e8d00000)]
  0x000002ae4c8e7f90 JavaThread "C1 CompilerThread0" daemon [_thread_blocked, id=11344, stack(0x000000c3e8d00000,0x000000c3e8e00000)]
  0x000002ae4c8f0ca0 JavaThread "Sweeper thread" daemon [_thread_blocked, id=25464, stack(0x000000c3e8e00000,0x000000c3e8f00000)]
  0x000002ae4c8b8ac0 JavaThread "Common-Cleaner" daemon [_thread_blocked, id=49584, stack(0x000000c3e8f00000,0x000000c3e9000000)]
  0x000002ae4c96d590 JavaThread "C1 CompilerThread1" daemon [_thread_blocked, id=36284, stack(0x000000c3e9000000,0x000000c3e9100000)]
  0x000002ae92071c30 JavaThread "Monitor Ctrl-Break" daemon [_thread_in_native, id=5312, stack(0x000000c3e9100000,0x000000c3e9200000)]
  0x000002ae4ce6d080 JavaThread "Notification Thread" daemon [_thread_blocked, id=2224, stack(0x000000c3e9200000,0x000000c3e9300000)]
  0x000002ae921f3400 JavaThread "RMI TCP Accept-0" daemon [_thread_in_native, id=45016, stack(0x000000c3e9300000,0x000000c3e9400000)]
  0x000002ae924d57d0 JavaThread "RMI TCP Connection(1)-192.168.1.104" daemon [_thread_in_native, id=12912, stack(0x000000c3e9500000,0x000000c3e9600000)]
  0x000002ae9250fd60 JavaThread "RMI Scheduler(0)" daemon [_thread_blocked, id=5184, stack(0x000000c3e9600000,0x000000c3e9700000)]
  0x000002ae92e7b500 JavaThread "C1 CompilerThread2" daemon [_thread_blocked, id=4644, stack(0x000000c3ea000000,0x000000c3ea100000)]
  0x000002ae92eaace0 JavaThread "C1 CompilerThread3" daemon [_thread_blocked, id=47220, stack(0x000000c3ea100000,0x000000c3ea200000)]
  0x000002ae935cd320 JavaThread "Catalina-utility-1" [_thread_blocked, id=18884, stack(0x000000c3e9f00000,0x000000c3ea000000)]
  0x000002ae93685050 JavaThread "Catalina-utility-2" [_thread_blocked, id=36840, stack(0x000000c3ea300000,0x000000c3ea400000)]
  0x000002ae935cd7f0 JavaThread "container-0" [_thread_blocked, id=27960, stack(0x000000c3ea400000,0x000000c3ea500000)]
  0x000002ae939ad840 JavaThread "mssql-jdbc-shared-timer-core-0" daemon [_thread_blocked, id=26804, stack(0x000000c3ea600000,0x000000c3ea700000)]
  0x000002ae4ca87030 JavaThread "HikariPool-1 housekeeper" daemon [_thread_blocked, id=30700, stack(0x000000c3ea700000,0x000000c3ea800000)]
  0x000002ae92228060 JavaThread "HikariPool-1 connection adder" daemon [_thread_blocked, id=21108, stack(0x000000c3ea800000,0x000000c3ea900000)]

Other Threads:
  0x000002ae4c8c9410 VMThread "VM Thread" [stack: 0x000000c3e8600000,0x000000c3e8700000] [id=7180]
  0x000002ae3bd326b0 WatcherThread [stack: 0x000000c3e9400000,0x000000c3e9500000] [id=19728]
  0x000002ae3bd7dc60 GCTaskThread "GC Thread#0" [stack: 0x000000c3e8100000,0x000000c3e8200000] [id=11964]
  0x000002ae925b1550 GCTaskThread "GC Thread#1" [stack: 0x000000c3e9700000,0x000000c3e9800000] [id=26812]
  0x000002ae925c7c70 GCTaskThread "GC Thread#2" [stack: 0x000000c3e9800000,0x000000c3e9900000] [id=27456]
  0x000002ae925c7f20 GCTaskThread "GC Thread#3" [stack: 0x000000c3e9900000,0x000000c3e9a00000] [id=3280]
  0x000002ae925e9920 GCTaskThread "GC Thread#4" [stack: 0x000000c3e9a00000,0x000000c3e9b00000] [id=10376]
  0x000002ae925e9bd0 GCTaskThread "GC Thread#5" [stack: 0x000000c3e9b00000,0x000000c3e9c00000] [id=27564]
  0x000002ae924cd550 GCTaskThread "GC Thread#6" [stack: 0x000000c3e9c00000,0x000000c3e9d00000] [id=22472]
  0x000002ae924cd800 GCTaskThread "GC Thread#7" [stack: 0x000000c3e9d00000,0x000000c3e9e00000] [id=40292]
  0x000002ae3bd8b730 ConcurrentGCThread "G1 Main Marker" [stack: 0x000000c3e8200000,0x000000c3e8300000] [id=22424]
  0x000002ae3bd8c7e0 ConcurrentGCThread "G1 Conc#0" [stack: 0x000000c3e8300000,0x000000c3e8400000] [id=46960]
  0x000002ae92ff15f0 ConcurrentGCThread "G1 Conc#1" [stack: 0x000000c3ea200000,0x000000c3ea300000] [id=46332]
  0x000002ae3bdee6b0 ConcurrentGCThread "G1 Refine#0" [stack: 0x000000c3e8400000,0x000000c3e8500000] [id=42196]
  0x000002ae925b7820 ConcurrentGCThread "G1 Refine#1" [stack: 0x000000c3e9e00000,0x000000c3e9f00000] [id=6220]
  0x000002ae4c7840b0 ConcurrentGCThread "G1 Service" [stack: 0x000000c3e8500000,0x000000c3e8600000] [id=15504]

Threads with active compile tasks:

VM state: not at safepoint (normal execution)

VM Mutex/Monitor currently owned by a thread:  ([mutex/lock_event])
[0x000002ae3bd2a8d0] Metaspace_lock - owner thread: 0x000002ae3bd2fa30

Heap address: 0x00000000a1c00000, size: 1508 MB, Compressed Oops mode: 32-bit

CDS archive(s) mapped at: [0x000002ae4d000000-0x000002ae4dbd0000-0x000002ae4dbd0000), size 12386304, SharedBaseAddress: 0x000002ae4d000000, ArchiveRelocationMode: 1.
Compressed class space mapped at: 0x000002ae4e000000-0x000002ae8e000000, reserved size: 1073741824
Narrow klass base: 0x000002ae4d000000, Narrow klass shift: 0, Narrow klass range: 0x100000000

GC Precious Log:
 CPUs: 8 total, 8 available
 Memory: 6030M
 Large Page Support: Disabled
 NUMA Support: Disabled
 Compressed Oops: Enabled (32-bit)
 Heap Region Size: 1M
 Heap Min Capacity: 8M
 Heap Initial Capacity: 96M
 Heap Max Capacity: 1508M
 Pre-touch: Disabled
 Parallel Workers: 8
 Concurrent Workers: 2
 Concurrent Refinement Workers: 8
 Periodic GC: Disabled

Heap:
 garbage-first heap   total 78848K, used 37514K [0x00000000a1c00000, 0x0000000100000000)
  region size 1024K, 9 young (9216K), 3 survivors (3072K)
 Metaspace       used 69541K, committed 70080K, reserved 1114112K
  class space    used 10221K, committed 10496K, reserved 1048576K

Heap Regions: E=young(eden), S=young(survivor), O=old, HS=humongous(starts), HC=humongous(continues), CS=collection set, F=free, OA=open archive, CA=closed archive, TAMS=top-at-mark-start (previous, next)
|   0|0x00000000a1c00000, 0x00000000a1d00000, 0x00000000a1d00000|100%|HS|  |TAMS 0x00000000a1d00000, 0x00000000a1c00000| Complete 
|   1|0x00000000a1d00000, 0x00000000a1e00000, 0x00000000a1e00000|100%| O|  |TAMS 0x00000000a1e00000, 0x00000000a1d00000| Untracked 
|   2|0x00000000a1e00000, 0x00000000a1f00000, 0x00000000a1f00000|100%| O|  |TAMS 0x00000000a1f00000, 0x00000000a1e00000| Untracked 
|   3|0x00000000a1f00000, 0x00000000a2000000, 0x00000000a2000000|100%| O|  |TAMS 0x00000000a2000000, 0x00000000a1f00000| Untracked 
|   4|0x00000000a2000000, 0x00000000a2100000, 0x00000000a2100000|100%| O|  |TAMS 0x00000000a2100000, 0x00000000a2000000| Untracked 
|   5|0x00000000a2100000, 0x00000000a2200000, 0x00000000a2200000|100%| O|  |TAMS 0x00000000a2200000, 0x00000000a2100000| Untracked 
|   6|0x00000000a2200000, 0x00000000a2300000, 0x00000000a2300000|100%| O|  |TAMS 0x00000000a2300000, 0x00000000a2200000| Untracked 
|   7|0x00000000a2300000, 0x00000000a2400000, 0x00000000a2400000|100%| O|  |TAMS 0x00000000a2400000, 0x00000000a2300000| Untracked 
|   8|0x00000000a2400000, 0x00000000a2500000, 0x00000000a2500000|100%| O|  |TAMS 0x00000000a2500000, 0x00000000a2400000| Untracked 
|   9|0x00000000a2500000, 0x00000000a2600000, 0x00000000a2600000|100%| O|  |TAMS 0x00000000a2600000, 0x00000000a2500000| Untracked 
|  10|0x00000000a2600000, 0x00000000a2700000, 0x00000000a2700000|100%| O|  |TAMS 0x00000000a2700000, 0x00000000a2600000| Untracked 
|  11|0x00000000a2700000, 0x00000000a2800000, 0x00000000a2800000|100%| O|  |TAMS 0x00000000a2800000, 0x00000000a2700000| Untracked 
|  12|0x00000000a2800000, 0x00000000a2900000, 0x00000000a2900000|100%| O|  |TAMS 0x00000000a2900000, 0x00000000a2800000| Untracked 
|  13|0x00000000a2900000, 0x00000000a2a00000, 0x00000000a2a00000|100%| O|  |TAMS 0x00000000a2a00000, 0x00000000a2900000| Untracked 
|  14|0x00000000a2a00000, 0x00000000a2b00000, 0x00000000a2b00000|100%| O|  |TAMS 0x00000000a2b00000, 0x00000000a2a00000| Untracked 
|  15|0x00000000a2b00000, 0x00000000a2c00000, 0x00000000a2c00000|100%| O|  |TAMS 0x00000000a2c00000, 0x00000000a2b00000| Untracked 
|  16|0x00000000a2c00000, 0x00000000a2d00000, 0x00000000a2d00000|100%| O|  |TAMS 0x00000000a2d00000, 0x00000000a2c00000| Untracked 
|  17|0x00000000a2d00000, 0x00000000a2e00000, 0x00000000a2e00000|100%| O|  |TAMS 0x00000000a2e00000, 0x00000000a2d00000| Untracked 
|  18|0x00000000a2e00000, 0x00000000a2efae00, 0x00000000a2f00000| 97%| O|  |TAMS 0x00000000a2efae00, 0x00000000a2e00000| Untracked 
|  19|0x00000000a2f00000, 0x00000000a3000000, 0x00000000a3000000|100%| O|  |TAMS 0x00000000a3000000, 0x00000000a2f00000| Untracked 
|  20|0x00000000a3000000, 0x00000000a3100000, 0x00000000a3100000|100%| O|  |TAMS 0x00000000a3000000, 0x00000000a3000000| Untracked 
|  21|0x00000000a3100000, 0x00000000a3200000, 0x00000000a3200000|100%| O|  |TAMS 0x00000000a3100000, 0x00000000a3100000| Untracked 
|  22|0x00000000a3200000, 0x00000000a3300000, 0x00000000a3300000|100%| O|  |TAMS 0x00000000a3200000, 0x00000000a3200000| Untracked 
|  23|0x00000000a3300000, 0x00000000a3400000, 0x00000000a3400000|100%| O|  |TAMS 0x00000000a3300000, 0x00000000a3300000| Untracked 
|  24|0x00000000a3400000, 0x00000000a348ce00, 0x00000000a3500000| 55%| O|  |TAMS 0x00000000a3400000, 0x00000000a3400000| Untracked 
|  25|0x00000000a3500000, 0x00000000a3500000, 0x00000000a3600000|  0%| F|  |TAMS 0x00000000a3500000, 0x00000000a3500000| Untracked 
|  26|0x00000000a3600000, 0x00000000a3700000, 0x00000000a3700000|100%| O|  |TAMS 0x00000000a3700000, 0x00000000a3600000| Untracked 
|  27|0x00000000a3700000, 0x00000000a3800000, 0x00000000a3800000|100%| O|  |TAMS 0x00000000a3800000, 0x00000000a3700000| Untracked 
|  28|0x00000000a3800000, 0x00000000a3900000, 0x00000000a3900000|100%| O|  |TAMS 0x00000000a3900000, 0x00000000a3800000| Untracked 
|  29|0x00000000a3900000, 0x00000000a3a00000, 0x00000000a3a00000|100%| O|  |TAMS 0x00000000a3a00000, 0x00000000a3900000| Untracked 
|  30|0x00000000a3a00000, 0x00000000a3b00000, 0x00000000a3b00000|100%| O|  |TAMS 0x00000000a3a12400, 0x00000000a3a00000| Untracked 
|  31|0x00000000a3b00000, 0x00000000a3b00000, 0x00000000a3c00000|  0%| F|  |TAMS 0x00000000a3b00000, 0x00000000a3b00000| Untracked 
|  32|0x00000000a3c00000, 0x00000000a3c00000, 0x00000000a3d00000|  0%| F|  |TAMS 0x00000000a3c00000, 0x00000000a3c00000| Untracked 
|  33|0x00000000a3d00000, 0x00000000a3d00000, 0x00000000a3e00000|  0%| F|  |TAMS 0x00000000a3d00000, 0x00000000a3d00000| Untracked 
|  34|0x00000000a3e00000, 0x00000000a3e00000, 0x00000000a3f00000|  0%| F|  |TAMS 0x00000000a3e00000, 0x00000000a3e00000| Untracked 
|  35|0x00000000a3f00000, 0x00000000a3f00000, 0x00000000a4000000|  0%| F|  |TAMS 0x00000000a3f00000, 0x00000000a3f00000| Untracked 
|  36|0x00000000a4000000, 0x00000000a4000000, 0x00000000a4100000|  0%| F|  |TAMS 0x00000000a4000000, 0x00000000a4000000| Untracked 
|  37|0x00000000a4100000, 0x00000000a4100000, 0x00000000a4200000|  0%| F|  |TAMS 0x00000000a4100000, 0x00000000a4100000| Untracked 
|  38|0x00000000a4200000, 0x00000000a4200000, 0x00000000a4300000|  0%| F|  |TAMS 0x00000000a4200000, 0x00000000a4200000| Untracked 
|  39|0x00000000a4300000, 0x00000000a4300000, 0x00000000a4400000|  0%| F|  |TAMS 0x00000000a4300000, 0x00000000a4300000| Untracked 
|  40|0x00000000a4400000, 0x00000000a4400000, 0x00000000a4500000|  0%| F|  |TAMS 0x00000000a4400000, 0x00000000a4400000| Untracked 
|  41|0x00000000a4500000, 0x00000000a4500000, 0x00000000a4600000|  0%| F|  |TAMS 0x00000000a4500000, 0x00000000a4500000| Untracked 
|  42|0x00000000a4600000, 0x00000000a4600000, 0x00000000a4700000|  0%| F|  |TAMS 0x00000000a4600000, 0x00000000a4600000| Untracked 
|  43|0x00000000a4700000, 0x00000000a471ad40, 0x00000000a4800000| 10%| S|CS|TAMS 0x00000000a4700000, 0x00000000a4700000| Complete 
|  44|0x00000000a4800000, 0x00000000a4900000, 0x00000000a4900000|100%| S|CS|TAMS 0x00000000a4800000, 0x00000000a4800000| Complete 
|  45|0x00000000a4900000, 0x00000000a4a00000, 0x00000000a4a00000|100%| S|CS|TAMS 0x00000000a4900000, 0x00000000a4900000| Complete 
|  46|0x00000000a4a00000, 0x00000000a4a00000, 0x00000000a4b00000|  0%| F|  |TAMS 0x00000000a4a00000, 0x00000000a4a00000| Untracked 
|  47|0x00000000a4b00000, 0x00000000a4b00000, 0x00000000a4c00000|  0%| F|  |TAMS 0x00000000a4b00000, 0x00000000a4b00000| Untracked 
|  48|0x00000000a4c00000, 0x00000000a4c00000, 0x00000000a4d00000|  0%| F|  |TAMS 0x00000000a4c00000, 0x00000000a4c00000| Untracked 
|  49|0x00000000a4d00000, 0x00000000a4d00000, 0x00000000a4e00000|  0%| F|  |TAMS 0x00000000a4d00000, 0x00000000a4d00000| Untracked 
|  50|0x00000000a4e00000, 0x00000000a4e00000, 0x00000000a4f00000|  0%| F|  |TAMS 0x00000000a4e00000, 0x00000000a4e00000| Untracked 
|  51|0x00000000a4f00000, 0x00000000a4f00000, 0x00000000a5000000|  0%| F|  |TAMS 0x00000000a4f00000, 0x00000000a4f00000| Untracked 
|  52|0x00000000a5000000, 0x00000000a5000000, 0x00000000a5100000|  0%| F|  |TAMS 0x00000000a5000000, 0x00000000a5000000| Untracked 
|  53|0x00000000a5100000, 0x00000000a5100000, 0x00000000a5200000|  0%| F|  |TAMS 0x00000000a5100000, 0x00000000a5100000| Untracked 
|  54|0x00000000a5200000, 0x00000000a5200000, 0x00000000a5300000|  0%| F|  |TAMS 0x00000000a5200000, 0x00000000a5200000| Untracked 
|  55|0x00000000a5300000, 0x00000000a5300000, 0x00000000a5400000|  0%| F|  |TAMS 0x00000000a5300000, 0x00000000a5300000| Untracked 
|  56|0x00000000a5400000, 0x00000000a5400000, 0x00000000a5500000|  0%| F|  |TAMS 0x00000000a5400000, 0x00000000a5400000| Untracked 
|  57|0x00000000a5500000, 0x00000000a5500000, 0x00000000a5600000|  0%| F|  |TAMS 0x00000000a5500000, 0x00000000a5500000| Untracked 
|  58|0x00000000a5600000, 0x00000000a5600000, 0x00000000a5700000|  0%| F|  |TAMS 0x00000000a5600000, 0x00000000a5600000| Untracked 
|  59|0x00000000a5700000, 0x00000000a5700000, 0x00000000a5800000|  0%| F|  |TAMS 0x00000000a5700000, 0x00000000a5700000| Untracked 
|  60|0x00000000a5800000, 0x00000000a5800000, 0x00000000a5900000|  0%| F|  |TAMS 0x00000000a5800000, 0x00000000a5800000| Untracked 
|  61|0x00000000a5900000, 0x00000000a5900000, 0x00000000a5a00000|  0%| F|  |TAMS 0x00000000a5900000, 0x00000000a5900000| Untracked 
|  62|0x00000000a5a00000, 0x00000000a5a00000, 0x00000000a5b00000|  0%| F|  |TAMS 0x00000000a5a00000, 0x00000000a5a00000| Untracked 
|  63|0x00000000a5b00000, 0x00000000a5b00000, 0x00000000a5c00000|  0%| F|  |TAMS 0x00000000a5b00000, 0x00000000a5b00000| Untracked 
|  64|0x00000000a5c00000, 0x00000000a5c00000, 0x00000000a5d00000|  0%| F|  |TAMS 0x00000000a5c00000, 0x00000000a5c00000| Untracked 
|  65|0x00000000a5d00000, 0x00000000a5d00000, 0x00000000a5e00000|  0%| F|  |TAMS 0x00000000a5d00000, 0x00000000a5d00000| Untracked 
|  66|0x00000000a5e00000, 0x00000000a5e00000, 0x00000000a5f00000|  0%| F|  |TAMS 0x00000000a5e00000, 0x00000000a5e00000| Untracked 
|  67|0x00000000a5f00000, 0x00000000a5f00000, 0x00000000a6000000|  0%| F|  |TAMS 0x00000000a5f00000, 0x00000000a5f00000| Untracked 
|  68|0x00000000a6000000, 0x00000000a6000000, 0x00000000a6100000|  0%| F|  |TAMS 0x00000000a6000000, 0x00000000a6000000| Untracked 
|  69|0x00000000a6100000, 0x00000000a6100000, 0x00000000a6200000|  0%| F|  |TAMS 0x00000000a6100000, 0x00000000a6100000| Untracked 
|  70|0x00000000a6200000, 0x00000000a6200000, 0x00000000a6300000|  0%| F|  |TAMS 0x00000000a6200000, 0x00000000a6200000| Untracked 
|  71|0x00000000a6300000, 0x00000000a6380800, 0x00000000a6400000| 50%| E|  |TAMS 0x00000000a6300000, 0x00000000a6300000| Complete 
|  72|0x00000000a6400000, 0x00000000a6500000, 0x00000000a6500000|100%| E|CS|TAMS 0x00000000a6400000, 0x00000000a6400000| Complete 
|  97|0x00000000a7d00000, 0x00000000a7e00000, 0x00000000a7e00000|100%| E|CS|TAMS 0x00000000a7d00000, 0x00000000a7d00000| Complete 
|  98|0x00000000a7e00000, 0x00000000a7f00000, 0x00000000a7f00000|100%| E|CS|TAMS 0x00000000a7e00000, 0x00000000a7e00000| Complete 
| 104|0x00000000a8400000, 0x00000000a8500000, 0x00000000a8500000|100%| E|CS|TAMS 0x00000000a8400000, 0x00000000a8400000| Complete 
| 105|0x00000000a8500000, 0x00000000a8600000, 0x00000000a8600000|100%| E|CS|TAMS 0x00000000a8500000, 0x00000000a8500000| Complete 

Card table byte_map: [0x000002ae469d0000,0x000002ae46cd0000] _byte_map_base: 0x000002ae464c2000

Marking Bits (Prev, Next): (CMBitMap*) 0x000002ae3bd7e170, (CMBitMap*) 0x000002ae3bd7e1b0
 Prev Bits: [0x000002ae46fd0000, 0x000002ae48760000)
 Next Bits: [0x000002ae48760000, 0x000002ae49ef0000)

Polling page: 0x000002ae39c50000

Metaspace:

Usage:
  Non-class:     57.93 MB used.
      Class:      9.98 MB used.
       Both:     67.91 MB used.

Virtual space:
  Non-class space:       64.00 MB reserved,      58.19 MB ( 91%) committed,  1 nodes.
      Class space:        1.00 GB reserved,      10.25 MB (  1%) committed,  1 nodes.
             Both:        1.06 GB reserved,      68.44 MB (  6%) committed. 

Chunk freelists:
   Non-Class:  5.55 MB
       Class:  5.73 MB
        Both:  11.28 MB

MaxMetaspaceSize: unlimited
CompressedClassSpaceSize: 1.00 GB
Initial GC threshold: 21.00 MB
Current GC threshold: 107.94 MB
CDS: on
MetaspaceReclaimPolicy: balanced
 - commit_granule_bytes: 65536.
 - commit_granule_words: 8192.
 - virtual_space_node_default_size: 8388608.
 - enlarge_chunks_in_place: 1.
 - new_chunks_are_fully_committed: 0.
 - uncommit_free_chunks: 1.
 - use_allocation_guard: 0.
 - handle_deallocations: 1.


Internal statistics:

num_allocs_failed_limit: 12.
num_arena_births: 824.
num_arena_deaths: 0.
num_vsnodes_births: 2.
num_vsnodes_deaths: 0.
num_space_committed: 1095.
num_space_uncommitted: 0.
num_chunks_returned_to_freelist: 12.
num_chunks_taken_from_freelist: 3243.
num_chunk_merges: 12.
num_chunk_splits: 2380.
num_chunks_enlarged: 1867.
num_purges: 0.
num_inconsistent_stats: 0.

CodeCache: size=49152Kb used=12814Kb max_used=12814Kb free=36337Kb
 bounds [0x000002ae435c0000, 0x000002ae44250000, 0x000002ae465c0000]
 total_blobs=7131 nmethods=6426 adapters=627
 compilation: enabled
              stopped_count=0, restarted_count=0
 full_count=0

Compilation events (20 events):
Event: 11.407 Thread 0x000002ae4c8e7f90 6417       1       org.springframework.aop.framework.autoproxy.ProxyCreationContext::setCurrentProxiedBeanName (21 bytes)
Event: 11.407 Thread 0x000002ae4c96d590 6418       1       org.springframework.beans.factory.support.ConstructorResolver::setCurrentInjectionPoint (32 bytes)
Event: 11.407 Thread 0x000002ae92eaace0 6419       1       org.springframework.beans.factory.config.DependencyDescriptor::isEager (5 bytes)
Event: 11.407 Thread 0x000002ae92eaace0 nmethod 6419 0x000002ae44240390 code [0x000002ae44240520, 0x000002ae442405f8]
Event: 11.407 Thread 0x000002ae4c8e7f90 nmethod 6417 0x000002ae44240690 code [0x000002ae44240860, 0x000002ae44240b08]
Event: 11.407 Thread 0x000002ae4c96d590 nmethod 6418 0x000002ae44240d10 code [0x000002ae44240ee0, 0x000002ae442411b8]
Event: 11.411 Thread 0x000002ae4c96d590 6420       1       org.springframework.beans.factory.support.AbstractAutowireCapableBeanFactory::applyBeanPostProcessorsBeforeInitialization (61 bytes)
Event: 11.411 Thread 0x000002ae92eaace0 6421       1       org.springframework.aop.aspectj.annotation.AnnotationAwareAspectJAutoProxyCreator::isInfrastructureClass (34 bytes)
Event: 11.411 Thread 0x000002ae92e7b500 6422       1       org.springframework.aop.framework.autoproxy.AbstractAutoProxyCreator::isInfrastructureClass (78 bytes)
Event: 11.411 Thread 0x000002ae4c96d590 nmethod 6420 0x000002ae44241410 code [0x000002ae442415e0, 0x000002ae44241818]
Event: 11.411 Thread 0x000002ae92eaace0 nmethod 6421 0x000002ae44241990 code [0x000002ae44241b40, 0x000002ae44241cf8]
Event: 11.411 Thread 0x000002ae92e7b500 nmethod 6422 0x000002ae44241e10 code [0x000002ae44242000, 0x000002ae44242298]
Event: 11.412 Thread 0x000002ae4c96d590 6423       1       java.lang.ThreadLocal$ThreadLocalMap::remove (68 bytes)
Event: 11.412 Thread 0x000002ae92eaace0 6424       1       java.lang.ThreadLocal$ThreadLocalMap::expungeStaleEntry (146 bytes)
Event: 11.412 Thread 0x000002ae92e7b500 6425       1       org.springframework.beans.factory.annotation.InitDestroyAnnotationBeanPostProcessor$1::hasDestroyMethods (2 bytes)
Event: 11.412 Thread 0x000002ae92e7b500 nmethod 6425 0x000002ae44242410 code [0x000002ae442425a0, 0x000002ae44242678]
Event: 11.412 Thread 0x000002ae4c96d590 nmethod 6423 0x000002ae44242710 code [0x000002ae442428e0, 0x000002ae44242b08]
Event: 11.413 Thread 0x000002ae92eaace0 nmethod 6424 0x000002ae44242d10 code [0x000002ae44242ec0, 0x000002ae442432d8]
Event: 11.442 Thread 0x000002ae92eaace0 6426       1       java.lang.ThreadLocal::remove (18 bytes)
Event: 11.443 Thread 0x000002ae92eaace0 nmethod 6426 0x000002ae44243490 code [0x000002ae44243640, 0x000002ae44243778]

GC Heap History (20 events):
Event: 3.854 GC heap before
{Heap before GC invocations=6 (full 0):
 garbage-first heap   total 55296K, used 16688K [0x00000000a1c00000, 0x0000000100000000)
  region size 1024K, 4 young (4096K), 3 survivors (3072K)
 Metaspace       used 24174K, committed 24448K, reserved 1114112K
  class space    used 3371K, committed 3520K, reserved 1048576K
}
Event: 3.862 GC heap after
{Heap after GC invocations=7 (full 0):
 garbage-first heap   total 55296K, used 16206K [0x00000000a1c00000, 0x0000000100000000)
  region size 1024K, 1 young (1024K), 1 survivors (1024K)
 Metaspace       used 24174K, committed 24448K, reserved 1114112K
  class space    used 3371K, committed 3520K, reserved 1048576K
}
Event: 4.391 GC heap before
{Heap before GC invocations=7 (full 0):
 garbage-first heap   total 55296K, used 37710K [0x00000000a1c00000, 0x0000000100000000)
  region size 1024K, 22 young (22528K), 1 survivors (1024K)
 Metaspace       used 27128K, committed 27520K, reserved 1114112K
  class space    used 3834K, committed 4032K, reserved 1048576K
}
Event: 4.403 GC heap after
{Heap after GC invocations=8 (full 0):
 garbage-first heap   total 55296K, used 17597K [0x00000000a1c00000, 0x0000000100000000)
  region size 1024K, 2 young (2048K), 2 survivors (2048K)
 Metaspace       used 27128K, committed 27520K, reserved 1114112K
  class space    used 3834K, committed 4032K, reserved 1048576K
}
Event: 4.883 GC heap before
{Heap before GC invocations=8 (full 0):
 garbage-first heap   total 55296K, used 39101K [0x00000000a1c00000, 0x0000000100000000)
  region size 1024K, 23 young (23552K), 2 survivors (2048K)
 Metaspace       used 30452K, committed 30912K, reserved 1114112K
  class space    used 4324K, committed 4544K, reserved 1048576K
}
Event: 4.894 GC heap after
{Heap after GC invocations=9 (full 0):
 garbage-first heap   total 55296K, used 19471K [0x00000000a1c00000, 0x0000000100000000)
  region size 1024K, 2 young (2048K), 2 survivors (2048K)
 Metaspace       used 30452K, committed 30912K, reserved 1114112K
  class space    used 4324K, committed 4544K, reserved 1048576K
}
Event: 5.356 GC heap before
{Heap before GC invocations=9 (full 0):
 garbage-first heap   total 55296K, used 39951K [0x00000000a1c00000, 0x0000000100000000)
  region size 1024K, 22 young (22528K), 2 survivors (2048K)
 Metaspace       used 33908K, committed 34432K, reserved 1114112K
  class space    used 4738K, committed 4992K, reserved 1048576K
}
Event: 5.361 GC heap after
{Heap after GC invocations=10 (full 0):
 garbage-first heap   total 108544K, used 21199K [0x00000000a1c00000, 0x0000000100000000)
  region size 1024K, 2 young (2048K), 2 survivors (2048K)
 Metaspace       used 33908K, committed 34432K, reserved 1114112K
  class space    used 4738K, committed 4992K, reserved 1048576K
}
Event: 5.502 GC heap before
{Heap before GC invocations=10 (full 0):
 garbage-first heap   total 108544K, used 27343K [0x00000000a1c00000, 0x0000000100000000)
  region size 1024K, 9 young (9216K), 2 survivors (2048K)
 Metaspace       used 35723K, committed 36160K, reserved 1114112K
  class space    used 5016K, committed 5248K, reserved 1048576K
}
Event: 5.505 GC heap after
{Heap after GC invocations=11 (full 0):
 garbage-first heap   total 108544K, used 21446K [0x00000000a1c00000, 0x0000000100000000)
  region size 1024K, 2 young (2048K), 2 survivors (2048K)
 Metaspace       used 35723K, committed 36160K, reserved 1114112K
  class space    used 5016K, committed 5248K, reserved 1048576K
}
Event: 8.029 GC heap before
{Heap before GC invocations=12 (full 0):
 garbage-first heap   total 78848K, used 70598K [0x00000000a1c00000, 0x0000000100000000)
  region size 1024K, 51 young (52224K), 2 survivors (2048K)
 Metaspace       used 49559K, committed 50112K, reserved 1114112K
  class space    used 6925K, committed 7168K, reserved 1048576K
}
Event: 8.035 GC heap after
{Heap after GC invocations=13 (full 0):
 garbage-first heap   total 78848K, used 24809K [0x00000000a1c00000, 0x0000000100000000)
  region size 1024K, 6 young (6144K), 6 survivors (6144K)
 Metaspace       used 49559K, committed 50112K, reserved 1114112K
  class space    used 6925K, committed 7168K, reserved 1048576K
}
Event: 9.003 GC heap before
{Heap before GC invocations=13 (full 0):
 garbage-first heap   total 78848K, used 61673K [0x00000000a1c00000, 0x0000000100000000)
  region size 1024K, 42 young (43008K), 6 survivors (6144K)
 Metaspace       used 57274K, committed 57856K, reserved 1114112K
  class space    used 8171K, committed 8448K, reserved 1048576K
}
Event: 9.010 GC heap after
{Heap after GC invocations=14 (full 0):
 garbage-first heap   total 78848K, used 26361K [0x00000000a1c00000, 0x0000000100000000)
  region size 1024K, 2 young (2048K), 2 survivors (2048K)
 Metaspace       used 57274K, committed 57856K, reserved 1114112K
  class space    used 8171K, committed 8448K, reserved 1048576K
}
Event: 9.610 GC heap before
{Heap before GC invocations=14 (full 0):
 garbage-first heap   total 78848K, used 39673K [0x00000000a1c00000, 0x0000000100000000)
  region size 1024K, 16 young (16384K), 2 survivors (2048K)
 Metaspace       used 60229K, committed 60800K, reserved 1114112K
  class space    used 8657K, committed 8960K, reserved 1048576K
}
Event: 9.614 GC heap after
{Heap after GC invocations=15 (full 0):
 garbage-first heap   total 78848K, used 27177K [0x00000000a1c00000, 0x0000000100000000)
  region size 1024K, 3 young (3072K), 3 survivors (3072K)
 Metaspace       used 60229K, committed 60800K, reserved 1114112K
  class space    used 8657K, committed 8960K, reserved 1048576K
}
Event: 10.667 GC heap before
{Heap before GC invocations=16 (full 0):
 garbage-first heap   total 78848K, used 61993K [0x00000000a1c00000, 0x0000000100000000)
  region size 1024K, 37 young (37888K), 3 survivors (3072K)
 Metaspace       used 65654K, committed 66240K, reserved 1114112K
  class space    used 9672K, committed 9920K, reserved 1048576K
}
Event: 10.676 GC heap after
{Heap after GC invocations=17 (full 0):
 garbage-first heap   total 78848K, used 30237K [0x00000000a1c00000, 0x0000000100000000)
  region size 1024K, 5 young (5120K), 5 survivors (5120K)
 Metaspace       used 65654K, committed 66240K, reserved 1114112K
  class space    used 9672K, committed 9920K, reserved 1048576K
}
Event: 11.315 GC heap before
{Heap before GC invocations=18 (full 0):
 garbage-first heap   total 78848K, used 60957K [0x00000000a1c00000, 0x0000000100000000)
  region size 1024K, 36 young (36864K), 5 survivors (5120K)
 Metaspace       used 68747K, committed 69312K, reserved 1114112K
  class space    used 10094K, committed 10368K, reserved 1048576K
}
Event: 11.322 GC heap after
{Heap after GC invocations=19 (full 0):
 garbage-first heap   total 78848K, used 32394K [0x00000000a1c00000, 0x0000000100000000)
  region size 1024K, 3 young (3072K), 3 survivors (3072K)
 Metaspace       used 68747K, committed 69312K, reserved 1114112K
  class space    used 10094K, committed 10368K, reserved 1048576K
}

Deoptimization events (16 events):
Event: 2.484 Thread 0x000002ae3bd2fa30 DEOPT PACKING pc=0x000002ae43a44399 sp=0x000000c3e80fd620
Event: 2.484 Thread 0x000002ae3bd2fa30 DEOPT UNPACKING pc=0x000002ae43612b43 sp=0x000000c3e80fcb00 mode 3
Event: 2.841 Thread 0x000002ae3bd2fa30 DEOPT PACKING pc=0x000002ae43a8e455 sp=0x000000c3e80fdb00
Event: 2.841 Thread 0x000002ae3bd2fa30 DEOPT UNPACKING pc=0x000002ae43612b43 sp=0x000000c3e80fcfa8 mode 3
Event: 4.220 Thread 0x000002ae3bd2fa30 DEOPT PACKING pc=0x000002ae43defc99 sp=0x000000c3e80fd0e0
Event: 4.220 Thread 0x000002ae3bd2fa30 DEOPT UNPACKING pc=0x000002ae43612b43 sp=0x000000c3e80fc5c0 mode 3
Event: 5.034 Thread 0x000002ae3bd2fa30 DEOPT PACKING pc=0x000002ae43e7909d sp=0x000000c3e80fcab0
Event: 5.034 Thread 0x000002ae3bd2fa30 DEOPT UNPACKING pc=0x000002ae43612b43 sp=0x000000c3e80fc018 mode 3
Event: 8.803 Thread 0x000002ae3bd2fa30 DEOPT PACKING pc=0x000002ae4407e8f4 sp=0x000000c3e80fcb00
Event: 8.803 Thread 0x000002ae3bd2fa30 DEOPT UNPACKING pc=0x000002ae43612b43 sp=0x000000c3e80fbf88 mode 0
Event: 9.757 Thread 0x000002ae3bd2fa30 DEOPT PACKING pc=0x000002ae43abeea2 sp=0x000000c3e80fa360
Event: 9.757 Thread 0x000002ae3bd2fa30 DEOPT UNPACKING pc=0x000002ae43612b43 sp=0x000000c3e80f9868 mode 3
Event: 9.758 Thread 0x000002ae3bd2fa30 DEOPT PACKING pc=0x000002ae43a90415 sp=0x000000c3e80fa320
Event: 9.758 Thread 0x000002ae3bd2fa30 DEOPT UNPACKING pc=0x000002ae43612b43 sp=0x000000c3e80f9868 mode 3
Event: 10.028 Thread 0x000002ae3bd2fa30 DEOPT PACKING pc=0x000002ae4412adbc sp=0x000000c3e80fa7e0
Event: 10.028 Thread 0x000002ae3bd2fa30 DEOPT UNPACKING pc=0x000002ae43612b43 sp=0x000000c3e80f9d38 mode 0

Classes unloaded (0 events):
No events

Classes redefined (0 events):
No events

Internal exceptions (20 events):
Event: 9.149 Thread 0x000002ae3bd2fa30 Exception <a 'java/lang/NoSuchMethodError'{0x00000000a6489710}: 'java.lang.Object java.lang.invoke.Invokers$Holder.linkToTargetMethod(java.lang.Object, java.lang.Object, java.lang.Object, java.lang.Object, java.lang.Object, java.lang.Object, java.lang.Object, java.lang.Object, java.lang.Object, java.lang.Object, java.lang.Object, java.lang.Object)'> (0x00000000a6489710) 
thrown [s\open\src\hotspot\share\interpreter\linkResolver.cpp, line 759]
Event: 9.273 Thread 0x000002ae3bd2fa30 Exception <a 'java/lang/NoSuchMethodError'{0x00000000a62b8ca8}: 'java.lang.Object java.lang.invoke.DirectMethodHandle$Holder.newInvokeSpecial(java.lang.Object, java.lang.Object, int, java.lang.Object, int, java.lang.Object, java.lang.Object)'> (0x00000000a62b8ca8) 
thrown [s\open\src\hotspot\share\interpreter\linkResolver.cpp, line 759]
Event: 9.342 Thread 0x000002ae3bd2fa30 Exception <a 'java/lang/NoSuchMethodError'{0x00000000a61606b0}: 'java.lang.Object java.lang.invoke.DirectMethodHandle$Holder.newInvokeSpecial(java.lang.Object, java.lang.Object, java.lang.Object, java.lang.Object, java.lang.Object, java.lang.Object, java.lang.Object, int)'> (0x00000000a61606b0) 
thrown [s\open\src\hotspot\share\interpreter\linkResolver.cpp, line 759]
Event: 9.343 Thread 0x000002ae3bd2fa30 Exception <a 'java/lang/NoSuchMethodError'{0x00000000a61656a8}: 'java.lang.Object java.lang.invoke.DirectMethodHandle$Holder.invokeSpecial(java.lang.Object, java.lang.Object, java.lang.Object, java.lang.Object, java.lang.Object, java.lang.Object, java.lang.Object, java.lang.Object, int)'> (0x00000000a61656a8) 
thrown [s\open\src\hotspot\share\interpreter\linkResolver.cpp, line 759]
Event: 9.343 Thread 0x000002ae3bd2fa30 Exception <a 'java/lang/NoSuchMethodError'{0x00000000a616a170}: 'java.lang.Object java.lang.invoke.Invokers$Holder.linkToTargetMethod(java.lang.Object, java.lang.Object, java.lang.Object, java.lang.Object, java.lang.Object, java.lang.Object, int, java.lang.Object)'> (0x00000000a616a170) 
thrown [s\open\src\hotspot\share\interpreter\linkResolver.cpp, line 759]
Event: 9.411 Thread 0x000002ae3bd2fa30 Exception <a 'java/lang/NoSuchMethodError'{0x00000000a605d128}: 'void java.lang.invoke.DirectMethodHandle$Holder.invokeInterface(java.lang.Object, java.lang.Object)'> (0x00000000a605d128) 
thrown [s\open\src\hotspot\share\interpreter\linkResolver.cpp, line 759]
Event: 9.679 Thread 0x000002ae3bd2fa30 Exception <a 'java/lang/IncompatibleClassChangeError'{0x00000000a7e88ed8}: Found class java.lang.Object, but interface was expected> (0x00000000a7e88ed8) 
thrown [s\open\src\hotspot\share\interpreter\linkResolver.cpp, line 826]
Event: 9.696 Thread 0x000002ae3bd2fa30 Exception <a 'java/lang/IncompatibleClassChangeError'{0x00000000a7d23ef8}: Found class java.lang.Object, but interface was expected> (0x00000000a7d23ef8) 
thrown [s\open\src\hotspot\share\interpreter\linkResolver.cpp, line 826]
Event: 9.789 Thread 0x000002ae3bd2fa30 Exception <a 'java/lang/IncompatibleClassChangeError'{0x00000000a63183c8}: Found class java.lang.Object, but interface was expected> (0x00000000a63183c8) 
thrown [s\open\src\hotspot\share\interpreter\linkResolver.cpp, line 826]
Event: 10.190 Thread 0x000002ae3bd2fa30 Exception <a 'java/lang/IncompatibleClassChangeError'{0x00000000a5c8fb68}: Found class java.lang.Object, but interface was expected> (0x00000000a5c8fb68) 
thrown [s\open\src\hotspot\share\interpreter\linkResolver.cpp, line 826]
Event: 10.509 Thread 0x000002ae3bd2fa30 Exception <a 'java/lang/reflect/InvocationTargetException'{0x00000000a4ce1c58}> (0x00000000a4ce1c58) 
thrown [s\open\src\hotspot\share\runtime\reflection.cpp, line 1121]
Event: 10.861 Thread 0x000002ae3bd2fa30 Exception <a 'java/lang/reflect/InvocationTargetException'{0x00000000a5e2cc90}> (0x00000000a5e2cc90) 
thrown [s\open\src\hotspot\share\runtime\reflection.cpp, line 1121]
Event: 10.868 Thread 0x000002ae3bd2fa30 Exception <a 'java/lang/NoSuchMethodError'{0x00000000a5e822f0}: 'int java.lang.invoke.DirectMethodHandle$Holder.invokeStatic(java.lang.Object, java.lang.Object, int)'> (0x00000000a5e822f0) 
thrown [s\open\src\hotspot\share\interpreter\linkResolver.cpp, line 759]
Event: 10.875 Thread 0x000002ae3bd2fa30 Exception <a 'java/lang/IncompatibleClassChangeError'{0x00000000a5ec5328}: Found class java.lang.Object, but interface was expected> (0x00000000a5ec5328) 
thrown [s\open\src\hotspot\share\interpreter\linkResolver.cpp, line 826]
Event: 10.886 Thread 0x000002ae3bd2fa30 Exception <a 'java/lang/NoSuchMethodError'{0x00000000a5d4a408}: 'java.lang.Object java.lang.invoke.DirectMethodHandle$Holder.invokeStatic(java.lang.Object, int, java.lang.Object)'> (0x00000000a5d4a408) 
thrown [s\open\src\hotspot\share\interpreter\linkResolver.cpp, line 759]
Event: 10.892 Thread 0x000002ae3bd2fa30 Exception <a 'java/lang/reflect/InvocationTargetException'{0x00000000a5d79a60}> (0x00000000a5d79a60) 
thrown [s\open\src\hotspot\share\runtime\reflection.cpp, line 1121]
Event: 10.896 Thread 0x000002ae3bd2fa30 Exception <a 'java/lang/reflect/InvocationTargetException'{0x00000000a5d89a50}> (0x00000000a5d89a50) 
thrown [s\open\src\hotspot\share\runtime\reflection.cpp, line 1121]
Event: 10.902 Thread 0x000002ae3bd2fa30 Exception <a 'java/lang/reflect/InvocationTargetException'{0x00000000a5da56a0}> (0x00000000a5da56a0) 
thrown [s\open\src\hotspot\share\runtime\reflection.cpp, line 1121]
Event: 10.906 Thread 0x000002ae3bd2fa30 Exception <a 'java/lang/reflect/InvocationTargetException'{0x00000000a5db6588}> (0x00000000a5db6588) 
thrown [s\open\src\hotspot\share\runtime\reflection.cpp, line 1121]
Event: 10.961 Thread 0x000002ae3bd2fa30 Exception <a 'java/lang/reflect/InvocationTargetException'{0x00000000a5a536c8}> (0x00000000a5a536c8) 
thrown [s\open\src\hotspot\share\runtime\reflection.cpp, line 1121]

VM Operations (20 events):
Event: 10.210 Executing VM operation: HandshakeAllThreads
Event: 10.210 Executing VM operation: HandshakeAllThreads done
Event: 10.212 Executing VM operation: HandshakeAllThreads
Event: 10.212 Executing VM operation: HandshakeAllThreads done
Event: 10.301 Executing VM operation: HandshakeAllThreads
Event: 10.301 Executing VM operation: HandshakeAllThreads done
Event: 10.305 Executing VM operation: HandshakeAllThreads
Event: 10.305 Executing VM operation: HandshakeAllThreads done
Event: 10.451 Executing VM operation: HandshakeAllThreads
Event: 10.451 Executing VM operation: HandshakeAllThreads done
Event: 10.453 Executing VM operation: ICBufferFull
Event: 10.454 Executing VM operation: ICBufferFull done
Event: 10.667 Executing VM operation: G1CollectForAllocation
Event: 10.676 Executing VM operation: G1CollectForAllocation done
Event: 10.715 Executing VM operation: G1Concurrent
Event: 10.734 Executing VM operation: G1Concurrent done
Event: 10.747 Executing VM operation: G1Concurrent
Event: 10.747 Executing VM operation: G1Concurrent done
Event: 11.315 Executing VM operation: G1CollectForAllocation
Event: 11.322 Executing VM operation: G1CollectForAllocation done

Events (20 events):
Event: 10.613 Thread 0x000002ae92228a00 Thread added: 0x000002ae92228a00
Event: 10.619 Thread 0x000002ae92228a00 Thread exited: 0x000002ae92228a00
Event: 10.987 loading class sun/reflect/annotation/AnnotationInvocationHandler$1
Event: 10.987 loading class sun/reflect/annotation/AnnotationInvocationHandler$1 done
Event: 11.017 loading class java/lang/UnknownError
Event: 11.017 loading class java/lang/UnknownError done
Event: 11.072 loading class java/lang/invoke/MethodHandleImpl$CountingWrapper$1
Event: 11.073 loading class java/lang/invoke/MethodHandleImpl$CountingWrapper$1 done
Event: 11.088 loading class sun/reflect/ReflectionFactory
Event: 11.088 loading class sun/reflect/ReflectionFactory done
Event: 11.088 loading class sun/reflect/ReflectionFactory$1
Event: 11.089 loading class sun/reflect/ReflectionFactory$1 done
Event: 11.089 loading class java/io/OptionalDataException
Event: 11.089 loading class java/io/OptionalDataException done
Event: 11.121 Thread 0x000002ae92228a00 Thread added: 0x000002ae92228a00
Event: 11.128 Thread 0x000002ae92228a00 Thread exited: 0x000002ae92228a00
Event: 11.410 loading class java/nio/charset/UnsupportedCharsetException
Event: 11.410 loading class java/nio/charset/UnsupportedCharsetException done
Event: 11.442 loading class java/util/Comparators$NullComparator
Event: 11.442 loading class java/util/Comparators$NullComparator done


Dynamic libraries:
0x00007ff635080000 - 0x00007ff635090000 	C:\Program Files\Java\jdk-17\bin\java.exe
0x00007ffd2e230000 - 0x00007ffd2e447000 	C:\Windows\SYSTEM32\ntdll.dll
0x00007ffd2c640000 - 0x00007ffd2c704000 	C:\Windows\System32\KERNEL32.DLL
0x00007ffd2bba0000 - 0x00007ffd2bf57000 	C:\Windows\System32\KERNELBASE.dll
0x00007ffd2b790000 - 0x00007ffd2b8a1000 	C:\Windows\System32\ucrtbase.dll
0x00007ffd1bdc0000 - 0x00007ffd1bddb000 	C:\Program Files\Java\jdk-17\bin\VCRUNTIME140.dll
0x00007ffd1e2a0000 - 0x00007ffd1e2b9000 	C:\Program Files\Java\jdk-17\bin\jli.dll
0x00007ffd2bfa0000 - 0x00007ffd2c052000 	C:\Windows\System32\ADVAPI32.dll
0x00007ffd2d090000 - 0x00007ffd2d137000 	C:\Windows\System32\msvcrt.dll
0x00007ffd2c360000 - 0x00007ffd2c408000 	C:\Windows\System32\sechost.dll
0x00007ffd2bb70000 - 0x00007ffd2bb98000 	C:\Windows\System32\bcrypt.dll
0x00007ffd2c520000 - 0x00007ffd2c634000 	C:\Windows\System32\RPCRT4.dll
0x00007ffd2db30000 - 0x00007ffd2dcdf000 	C:\Windows\System32\USER32.dll
0x00007ffd2b8b0000 - 0x00007ffd2b8d6000 	C:\Windows\System32\win32u.dll
0x00007ffd07780000 - 0x00007ffd07a13000 	C:\Windows\WinSxS\amd64_microsoft.windows.common-controls_6595b64144ccf1df_6.0.22621.3672_none_2713b9d173822955\COMCTL32.dll
0x00007ffd2d140000 - 0x00007ffd2d169000 	C:\Windows\System32\GDI32.dll
0x00007ffd2ba50000 - 0x00007ffd2bb68000 	C:\Windows\System32\gdi32full.dll
0x00007ffd2b540000 - 0x00007ffd2b5da000 	C:\Windows\System32\msvcp_win.dll
0x00007ffd23080000 - 0x00007ffd2308a000 	C:\Windows\SYSTEM32\VERSION.dll
0x00007ffd2bf60000 - 0x00007ffd2bf91000 	C:\Windows\System32\IMM32.DLL
0x00007ffd27860000 - 0x00007ffd2786c000 	C:\Program Files\Java\jdk-17\bin\vcruntime140_1.dll
0x00007ffcedfc0000 - 0x00007ffcee04e000 	C:\Program Files\Java\jdk-17\bin\msvcp140.dll
0x00007ffc8eca0000 - 0x00007ffc8f87e000 	C:\Program Files\Java\jdk-17\bin\server\jvm.dll
0x00007ffd2da00000 - 0x00007ffd2da08000 	C:\Windows\System32\PSAPI.DLL
0x00007ffd27640000 - 0x00007ffd27674000 	C:\Windows\SYSTEM32\WINMM.dll
0x00007ffd27750000 - 0x00007ffd27759000 	C:\Windows\SYSTEM32\WSOCK32.dll
0x00007ffd2daa0000 - 0x00007ffd2db11000 	C:\Windows\System32\WS2_32.dll
0x00007ffd2a590000 - 0x00007ffd2a5a8000 	C:\Windows\SYSTEM32\kernel.appcore.dll
0x00007ffd277e0000 - 0x00007ffd277ea000 	C:\Program Files\Java\jdk-17\bin\jimage.dll
0x00007ffd26140000 - 0x00007ffd26372000 	C:\Windows\SYSTEM32\DBGHELP.DLL
0x00007ffd2d670000 - 0x00007ffd2d9fe000 	C:\Windows\System32\combase.dll
0x00007ffd2dce0000 - 0x00007ffd2ddb7000 	C:\Windows\System32\OLEAUT32.dll
0x00007ffd19600000 - 0x00007ffd19632000 	C:\Windows\SYSTEM32\dbgcore.DLL
0x00007ffd2b5e0000 - 0x00007ffd2b65b000 	C:\Windows\System32\bcryptPrimitives.dll
0x00007ffd27760000 - 0x00007ffd2776e000 	C:\Program Files\Java\jdk-17\bin\instrument.dll
0x00007ffd16a20000 - 0x00007ffd16a45000 	C:\Program Files\Java\jdk-17\bin\java.dll
0x00007ffce65c0000 - 0x00007ffce6697000 	C:\Program Files\Java\jdk-17\bin\jsvml.dll
0x00007ffd2c710000 - 0x00007ffd2cf79000 	C:\Windows\System32\SHELL32.dll
0x00007ffd294b0000 - 0x00007ffd29daf000 	C:\Windows\SYSTEM32\windows.storage.dll
0x00007ffd29370000 - 0x00007ffd294af000 	C:\Windows\SYSTEM32\wintypes.dll
0x00007ffd2c260000 - 0x00007ffd2c359000 	C:\Windows\System32\SHCORE.dll
0x00007ffd2d170000 - 0x00007ffd2d1ce000 	C:\Windows\System32\shlwapi.dll
0x00007ffd2b470000 - 0x00007ffd2b497000 	C:\Windows\SYSTEM32\profapi.dll
0x00007ffd06580000 - 0x00007ffd06598000 	C:\Program Files\Java\jdk-17\bin\zip.dll
0x00007ffd16440000 - 0x00007ffd16459000 	C:\Program Files\Java\jdk-17\bin\net.dll
0x00007ffd27170000 - 0x00007ffd272a6000 	C:\Windows\SYSTEM32\WINHTTP.dll
0x00007ffd2aa00000 - 0x00007ffd2aa69000 	C:\Windows\system32\mswsock.dll
0x00007ffd06a40000 - 0x00007ffd06a56000 	C:\Program Files\Java\jdk-17\bin\nio.dll
0x00007ffd05b80000 - 0x00007ffd05b9a000 	C:\Program Files\JetBrains\IntelliJ IDEA 2024.1.1\bin\breakgen64.dll
0x00007ffd2a0d0000 - 0x00007ffd2a1d2000 	C:\Windows\SYSTEM32\DNSAPI.dll
0x00007ffd2a050000 - 0x00007ffd2a07d000 	C:\Windows\SYSTEM32\IPHLPAPI.DLL
0x00007ffd2d080000 - 0x00007ffd2d089000 	C:\Windows\System32\NSI.dll
0x00007ffd1db80000 - 0x00007ffd1db8a000 	C:\Windows\System32\rasadhlp.dll
0x00007ffd25ec0000 - 0x00007ffd25f43000 	C:\Windows\System32\fwpuclnt.dll
0x00007ffd1e2e0000 - 0x00007ffd1e2ea000 	C:\Program Files\Java\jdk-17\bin\management.dll
0x00007ffd1e2d0000 - 0x00007ffd1e2db000 	C:\Program Files\Java\jdk-17\bin\management_ext.dll
0x00007ffd2ac50000 - 0x00007ffd2ac6b000 	C:\Windows\SYSTEM32\CRYPTSP.dll
0x00007ffd2a4f0000 - 0x00007ffd2a525000 	C:\Windows\system32\rsaenh.dll
0x00007ffd2aaf0000 - 0x00007ffd2ab18000 	C:\Windows\SYSTEM32\USERENV.dll
0x00007ffd2ac70000 - 0x00007ffd2ac7c000 	C:\Windows\SYSTEM32\CRYPTBASE.dll
0x00007ffd27af0000 - 0x00007ffd27b09000 	C:\Windows\SYSTEM32\dhcpcsvc6.DLL
0x00007ffd27570000 - 0x00007ffd2758f000 	C:\Windows\SYSTEM32\dhcpcsvc.DLL
0x00007ffcfec50000 - 0x00007ffcfec67000 	C:\Windows\system32\napinsp.dll
0x00007ffcfccc0000 - 0x00007ffcfccdb000 	C:\Windows\system32\pnrpnsp.dll
0x00007ffcfcca0000 - 0x00007ffcfccb1000 	C:\Windows\System32\winrnr.dll
0x00007ffcfe6b0000 - 0x00007ffcfe6c5000 	C:\Windows\system32\wshbth.dll
0x00007ffcd6a60000 - 0x00007ffcd6a87000 	C:\Windows\system32\nlansp_c.dll
0x00007ffd1e2f0000 - 0x00007ffd1e2fe000 	C:\Program Files\Java\jdk-17\bin\sunmscapi.dll
0x00007ffd2b8e0000 - 0x00007ffd2ba46000 	C:\Windows\System32\CRYPT32.dll
0x00007ffd2ae10000 - 0x00007ffd2ae3d000 	C:\Windows\SYSTEM32\ncrypt.dll
0x00007ffd2add0000 - 0x00007ffd2ae07000 	C:\Windows\SYSTEM32\NTASN1.dll
0x00007ffd1e300000 - 0x00007ffd1e310000 	C:\Program Files\Java\jdk-17\bin\verify.dll

dbghelp: loaded successfully - version: 4.0.5 - missing functions: none
symbol engine: initialized successfully - sym options: 0x614 - pdb path: .;C:\Program Files\Java\jdk-17\bin;C:\Windows\SYSTEM32;C:\Windows\WinSxS\amd64_microsoft.windows.common-controls_6595b64144ccf1df_6.0.22621.3672_none_2713b9d173822955;C:\Program Files\Java\jdk-17\bin\server;C:\Program Files\JetBrains\IntelliJ IDEA 2024.1.1\bin

VM Arguments:
jvm_args: -XX:TieredStopAtLevel=1 -Dspring.output.ansi.enabled=always -Dcom.sun.management.jmxremote -Dspring.jmx.enabled=true -Dspring.liveBeansView.mbeanDomain -Dspring.application.admin.enabled=true -Dmanagement.endpoints.jmx.exposure.include=* -javaagent:C:\Program Files\JetBrains\IntelliJ IDEA 2024.1.1\lib\idea_rt.jar=63746:C:\Program Files\JetBrains\IntelliJ IDEA 2024.1.1\bin -Dfile.encoding=UTF-8 
java_command: com.example.bee_shirt.BeeShirtApplication
java_class_path (initial): D:\bee-shirt\target\classes;C:\Users\Dell\.m2\repository\org\springframework\boot\spring-boot-starter-data-jpa\3.3.1\spring-boot-starter-data-jpa-3.3.1.jar;C:\Users\Dell\.m2\repository\org\springframework\boot\spring-boot-starter-aop\3.3.1\spring-boot-starter-aop-3.3.1.jar;C:\Users\Dell\.m2\repository\org\springframework\spring-aop\6.1.10\spring-aop-6.1.10.jar;C:\Users\Dell\.m2\repository\org\aspectj\aspectjweaver\1.9.22\aspectjweaver-1.9.22.jar;C:\Users\Dell\.m2\repository\org\springframework\boot\spring-boot-starter-jdbc\3.3.1\spring-boot-starter-jdbc-3.3.1.jar;C:\Users\Dell\.m2\repository\com\zaxxer\HikariCP\5.1.0\HikariCP-5.1.0.jar;C:\Users\Dell\.m2\repository\org\springframework\spring-jdbc\6.1.10\spring-jdbc-6.1.10.jar;C:\Users\Dell\.m2\repository\org\hibernate\orm\hibernate-core\6.5.2.Final\hibernate-core-6.5.2.Final.jar;C:\Users\Dell\.m2\repository\jakarta\persistence\jakarta.persistence-api\3.1.0\jakarta.persistence-api-3.1.0.jar;C:\Users\Dell\.m2\repository\jakarta\transaction\jakarta.transaction-api\2.0.1\jakarta.transaction-api-2.0.1.jar;C:\Users\Dell\.m2\repository\org\jboss\logging\jboss-logging\3.5.3.Final\jboss-logging-3.5.3.Final.jar;C:\Users\Dell\.m2\repository\org\hibernate\common\hibernate-commons-annotations\6.0.6.Final\hibernate-commons-annotations-6.0.6.Final.jar;C:\Users\Dell\.m2\repository\io\smallrye\jandex\3.1.2\jandex-3.1.2.jar;C:\Users\Dell\.m2\repository\com\fasterxml\classmate\1.7.0\classmate-1.7.0.jar;C:\Users\Dell\.m2\repository\net\bytebuddy\byte-buddy\1.14.17\byte-buddy-1.14.17.jar;C:\Users\Dell\.m2\repository\org\glassfish\jaxb\jaxb-runtime\4.0.5\jaxb-runtime-4.0.5.jar;C:\Users\Dell\.m2\repository\org\glassfish\jaxb\jaxb-core\4.0.5\jaxb-core-4.0.5.jar;C:\Users\Dell\.m2\repository\org\eclipse\angus\angus-activation\2.0.2\angus-activation-2.0.2.jar;C:\Users\Dell\.m2\repository\org\glassfish\jaxb\txw2\4.0.5\txw2-4.0.5.jar;C:\Users\Dell\.m2\repository\com\sun\istack\istack-commons-runtime\4.1.2\istack-comm
Launcher Type: SUN_STANDARD

[Global flags]
     intx CICompilerCount                          = 4                                         {product} {ergonomic}
     uint ConcGCThreads                            = 2                                         {product} {ergonomic}
     uint G1ConcRefinementThreads                  = 8                                         {product} {ergonomic}
   size_t G1HeapRegionSize                         = 1048576                                   {product} {ergonomic}
    uintx GCDrainStackTargetSize                   = 64                                        {product} {ergonomic}
   size_t InitialHeapSize                          = 100663296                                 {product} {ergonomic}
     bool ManagementServer                         = true                                      {product} {command line}
   size_t MarkStackSize                            = 4194304                                   {product} {ergonomic}
   size_t MaxHeapSize                              = 1581252608                                {product} {ergonomic}
   size_t MaxNewSize                               = 947912704                                 {product} {ergonomic}
   size_t MinHeapDeltaBytes                        = 1048576                                   {product} {ergonomic}
   size_t MinHeapSize                              = 8388608                                   {product} {ergonomic}
    uintx NonProfiledCodeHeapSize                  = 0                                      {pd product} {ergonomic}
     bool ProfileInterpreter                       = false                                  {pd product} {command line}
    uintx ProfiledCodeHeapSize                     = 0                                      {pd product} {ergonomic}
   size_t SoftMaxHeapSize                          = 1581252608                             {manageable} {ergonomic}
     intx TieredStopAtLevel                        = 1                                         {product} {command line}
     bool UseCompressedClassPointers               = true                           {product lp64_product} {ergonomic}
     bool UseCompressedOops                        = true                           {product lp64_product} {ergonomic}
     bool UseG1GC                                  = true                                      {product} {ergonomic}
     bool UseLargePagesIndividualAllocation        = false                                  {pd product} {ergonomic}

Logging:
Log output configuration:
 #0: stdout all=warning uptime,level,tags
 #1: stderr all=off uptime,level,tags

Environment Variables:
PATH=C:\Program Files\Common Files\Oracle\Java\javapath;C:\Windows\system32;C:\Windows;C:\Windows\System32\Wbem;C:\Windows\System32\WindowsPowerShell\v1.0\;C:\Windows\System32\OpenSSH\;C:\Program Files\dotnet\;C:\Program Files\Azure Data Studio\bin;C:\Program Files (x86)\Microsoft SQL Server\160\Tools\Binn\;C:\Program Files\Microsoft SQL Server\160\Tools\Binn\;C:\Program Files\Microsoft SQL Server\Client SDK\ODBC\170\Tools\Binn\;C:\Program Files\Microsoft SQL Server\160\DTS\Binn\;C:\Program Files (x86)\Microsoft SQL Server\160\DTS\Binn\;C:\Program Files\Git\cmd;C:\Program Files\nodejs\;C:\Users\Dell\AppData\Local\Microsoft\WindowsApps;C:\Program Files\Azure Data Studio\bin;C:\Users\Dell\AppData\Local\gitkraken\bin;C:\Users\Dell\AppData\Local\Programs\Microsoft VS Code\bin;C:\Users\Dell\AppData\Roaming\npm;C:\Program Files\JetBrains\IntelliJ IDEA 2024.1.1\bin;
USERNAME=Dell
OS=Windows_NT
PROCESSOR_IDENTIFIER=AMD64 Family 23 Model 24 Stepping 1, AuthenticAMD



---------------  S Y S T E M  ---------------

OS:
 Windows 11 , 64 bit Build 22621 (10.0.22621.3958)
OS uptime: 11 days 23:42 hours

CPU: total 8 (initial active 8) (8 cores per cpu, 2 threads per core) family 23 model 24 stepping 1 microcode 0x0, cx8, cmov, fxsr, ht, mmx, 3dnowpref, sse, sse2, sse3, ssse3, sse4a, sse4.1, sse4.2, popcnt, lzcnt, tsc, tscinvbit, avx, avx2, aes, clmul, bmi1, bmi2, adx, sha, fma, vzeroupper, clflush, clflushopt

Memory: 4k page, system-wide physical 6030M (405M free)
TotalPageFile size 17805M (AvailPageFile size 2M)
current process WorkingSet (physical memory assigned to process): 228M, peak: 228M
current process commit charge ("private bytes"): 268M, peak: 268M

vm_info: Java HotSpot(TM) 64-Bit Server VM (17.0.8+9-LTS-211) for windows-amd64 JRE (17.0.8+9-LTS-211), built on Jun 14 2023 10:34:31 by "mach5one" with MS VC++ 17.1 (VS2022)

END.
